  dis386.c
C:\Users\Will\source\repos\EmuWOW2\EmuWOW2\dis386.c(16,3): warning C4996: 'sprintf': This function or variable may be unsafe. Consider using sprintf_s instead. To disable deprecation, use _CRT_SECURE_NO_WARNINGS. See online help for details.
C:\Users\Will\source\repos\EmuWOW2\EmuWOW2\dis386.c(19,3): warning C4996: 'sprintf': This function or variable may be unsafe. Consider using sprintf_s instead. To disable deprecation, use _CRT_SECURE_NO_WARNINGS. See online help for details.
C:\Users\Will\source\repos\EmuWOW2\EmuWOW2\dis386.c(25,3): warning C4996: 'sprintf': This function or variable may be unsafe. Consider using sprintf_s instead. To disable deprecation, use _CRT_SECURE_NO_WARNINGS. See online help for details.
C:\Users\Will\source\repos\EmuWOW2\EmuWOW2\dis386.c(28,3): warning C4996: 'sprintf': This function or variable may be unsafe. Consider using sprintf_s instead. To disable deprecation, use _CRT_SECURE_NO_WARNINGS. See online help for details.
C:\Users\Will\source\repos\EmuWOW2\EmuWOW2\dis386.c(34,3): warning C4996: 'sprintf': This function or variable may be unsafe. Consider using sprintf_s instead. To disable deprecation, use _CRT_SECURE_NO_WARNINGS. See online help for details.
C:\Users\Will\source\repos\EmuWOW2\EmuWOW2\dis386.c(37,3): warning C4996: 'sprintf': This function or variable may be unsafe. Consider using sprintf_s instead. To disable deprecation, use _CRT_SECURE_NO_WARNINGS. See online help for details.
C:\Users\Will\source\repos\EmuWOW2\EmuWOW2\dis386.c(48,3): warning C4996: 'strcat': This function or variable may be unsafe. Consider using strcat_s instead. To disable deprecation, use _CRT_SECURE_NO_WARNINGS. See online help for details.
C:\Users\Will\source\repos\EmuWOW2\EmuWOW2\dis386.c(52,3): warning C4996: 'strcat': This function or variable may be unsafe. Consider using strcat_s instead. To disable deprecation, use _CRT_SECURE_NO_WARNINGS. See online help for details.
C:\Users\Will\source\repos\EmuWOW2\EmuWOW2\dis386.c(62,3): warning C4996: 'strcat': This function or variable may be unsafe. Consider using strcat_s instead. To disable deprecation, use _CRT_SECURE_NO_WARNINGS. See online help for details.
C:\Users\Will\source\repos\EmuWOW2\EmuWOW2\dis386.c(47,3): warning C4996: 'sprintf': This function or variable may be unsafe. Consider using sprintf_s instead. To disable deprecation, use _CRT_SECURE_NO_WARNINGS. See online help for details.
C:\Users\Will\source\repos\EmuWOW2\EmuWOW2\dis386.c(57,4): warning C4996: 'sprintf': This function or variable may be unsafe. Consider using sprintf_s instead. To disable deprecation, use _CRT_SECURE_NO_WARNINGS. See online help for details.
C:\Users\Will\source\repos\EmuWOW2\EmuWOW2\dis386.c(60,4): warning C4996: 'sprintf': This function or variable may be unsafe. Consider using sprintf_s instead. To disable deprecation, use _CRT_SECURE_NO_WARNINGS. See online help for details.
C:\Users\Will\source\repos\EmuWOW2\EmuWOW2\dis386.c(97,3): warning C4996: 'strcat': This function or variable may be unsafe. Consider using strcat_s instead. To disable deprecation, use _CRT_SECURE_NO_WARNINGS. See online help for details.
C:\Users\Will\source\repos\EmuWOW2\EmuWOW2\dis386.c(109,3): warning C4996: 'strcat': This function or variable may be unsafe. Consider using strcat_s instead. To disable deprecation, use _CRT_SECURE_NO_WARNINGS. See online help for details.
C:\Users\Will\source\repos\EmuWOW2\EmuWOW2\dis386.c(114,3): warning C4996: 'strcat': This function or variable may be unsafe. Consider using strcat_s instead. To disable deprecation, use _CRT_SECURE_NO_WARNINGS. See online help for details.
C:\Users\Will\source\repos\EmuWOW2\EmuWOW2\dis386.c(86,4): warning C4996: 'sprintf': This function or variable may be unsafe. Consider using sprintf_s instead. To disable deprecation, use _CRT_SECURE_NO_WARNINGS. See online help for details.
C:\Users\Will\source\repos\EmuWOW2\EmuWOW2\dis386.c(84,8): warning C4101: 'i': unreferenced local variable
C:\Users\Will\source\repos\EmuWOW2\EmuWOW2\dis386.c(139,3): warning C4996: 'strcat': This function or variable may be unsafe. Consider using strcat_s instead. To disable deprecation, use _CRT_SECURE_NO_WARNINGS. See online help for details.
C:\Users\Will\source\repos\EmuWOW2\EmuWOW2\dis386.c(147,4): warning C4996: 'strcat': This function or variable may be unsafe. Consider using strcat_s instead. To disable deprecation, use _CRT_SECURE_NO_WARNINGS. See online help for details.
C:\Users\Will\source\repos\EmuWOW2\EmuWOW2\dis386.c(155,3): warning C4996: 'strcat': This function or variable may be unsafe. Consider using strcat_s instead. To disable deprecation, use _CRT_SECURE_NO_WARNINGS. See online help for details.
C:\Users\Will\source\repos\EmuWOW2\EmuWOW2\dis386.c(160,3): warning C4996: 'strcat': This function or variable may be unsafe. Consider using strcat_s instead. To disable deprecation, use _CRT_SECURE_NO_WARNINGS. See online help for details.
C:\Users\Will\source\repos\EmuWOW2\EmuWOW2\dis386.c(143,4): warning C4996: 'sprintf': This function or variable may be unsafe. Consider using sprintf_s instead. To disable deprecation, use _CRT_SECURE_NO_WARNINGS. See online help for details.
C:\Users\Will\source\repos\EmuWOW2\EmuWOW2\dis386.c(183,3): warning C4996: 'sprintf': This function or variable may be unsafe. Consider using sprintf_s instead. To disable deprecation, use _CRT_SECURE_NO_WARNINGS. See online help for details.
C:\Users\Will\source\repos\EmuWOW2\EmuWOW2\dis386.c(186,3): warning C4996: 'sprintf': This function or variable may be unsafe. Consider using sprintf_s instead. To disable deprecation, use _CRT_SECURE_NO_WARNINGS. See online help for details.
C:\Users\Will\source\repos\EmuWOW2\EmuWOW2\dis386.c(240,4): warning C4996: 'strcpy': This function or variable may be unsafe. Consider using strcpy_s instead. To disable deprecation, use _CRT_SECURE_NO_WARNINGS. See online help for details.
C:\Users\Will\source\repos\EmuWOW2\EmuWOW2\dis386.c(252,3): warning C4996: 'strcpy': This function or variable may be unsafe. Consider using strcpy_s instead. To disable deprecation, use _CRT_SECURE_NO_WARNINGS. See online help for details.
C:\Users\Will\source\repos\EmuWOW2\EmuWOW2\dis386.c(257,3): warning C4996: 'strcpy': This function or variable may be unsafe. Consider using strcpy_s instead. To disable deprecation, use _CRT_SECURE_NO_WARNINGS. See online help for details.
C:\Users\Will\source\repos\EmuWOW2\EmuWOW2\dis386.c(260,3): warning C4996: 'strcpy': This function or variable may be unsafe. Consider using strcpy_s instead. To disable deprecation, use _CRT_SECURE_NO_WARNINGS. See online help for details.
C:\Users\Will\source\repos\EmuWOW2\EmuWOW2\dis386.c(244,5): warning C4996: 'sprintf': This function or variable may be unsafe. Consider using sprintf_s instead. To disable deprecation, use _CRT_SECURE_NO_WARNINGS. See online help for details.
C:\Users\Will\source\repos\EmuWOW2\EmuWOW2\dis386.c(247,5): warning C4996: 'sprintf': This function or variable may be unsafe. Consider using sprintf_s instead. To disable deprecation, use _CRT_SECURE_NO_WARNINGS. See online help for details.
C:\Users\Will\source\repos\EmuWOW2\EmuWOW2\dis386.c(288,5): warning C4996: 'sprintf': This function or variable may be unsafe. Consider using sprintf_s instead. To disable deprecation, use _CRT_SECURE_NO_WARNINGS. See online help for details.
C:\Users\Will\source\repos\EmuWOW2\EmuWOW2\dis386.c(291,5): warning C4996: 'sprintf': This function or variable may be unsafe. Consider using sprintf_s instead. To disable deprecation, use _CRT_SECURE_NO_WARNINGS. See online help for details.
C:\Users\Will\source\repos\EmuWOW2\EmuWOW2\dis386.c(298,5): warning C4996: 'sprintf': This function or variable may be unsafe. Consider using sprintf_s instead. To disable deprecation, use _CRT_SECURE_NO_WARNINGS. See online help for details.
C:\Users\Will\source\repos\EmuWOW2\EmuWOW2\dis386.c(301,5): warning C4996: 'sprintf': This function or variable may be unsafe. Consider using sprintf_s instead. To disable deprecation, use _CRT_SECURE_NO_WARNINGS. See online help for details.
C:\Users\Will\source\repos\EmuWOW2\EmuWOW2\dis386.c(311,4): warning C4996: 'sprintf': This function or variable may be unsafe. Consider using sprintf_s instead. To disable deprecation, use _CRT_SECURE_NO_WARNINGS. See online help for details.
C:\Users\Will\source\repos\EmuWOW2\EmuWOW2\dis386.c(314,4): warning C4996: 'sprintf': This function or variable may be unsafe. Consider using sprintf_s instead. To disable deprecation, use _CRT_SECURE_NO_WARNINGS. See online help for details.
C:\Users\Will\source\repos\EmuWOW2\EmuWOW2\dis386.c(317,4): warning C4996: 'sprintf': This function or variable may be unsafe. Consider using sprintf_s instead. To disable deprecation, use _CRT_SECURE_NO_WARNINGS. See online help for details.
C:\Users\Will\source\repos\EmuWOW2\EmuWOW2\dis386.c(329,3): warning C4996: 'sprintf': This function or variable may be unsafe. Consider using sprintf_s instead. To disable deprecation, use _CRT_SECURE_NO_WARNINGS. See online help for details.
C:\Users\Will\source\repos\EmuWOW2\EmuWOW2\dis386.c(348,3): warning C4996: 'sprintf': This function or variable may be unsafe. Consider using sprintf_s instead. To disable deprecation, use _CRT_SECURE_NO_WARNINGS. See online help for details.
C:\Users\Will\source\repos\EmuWOW2\EmuWOW2\dis386.c(416,3): warning C4013: 'fixup_f6' undefined; assuming extern returning int
C:\Users\Will\source\repos\EmuWOW2\EmuWOW2\dis386.c(420,3): warning C4013: 'fixup_ff' undefined; assuming extern returning int
  run386.c
C:\Users\Will\source\repos\EmuWOW2\EmuWOW2\run386.c(34,3): warning C4013: 'bus_write_32' undefined; assuming extern returning int
C:\Users\Will\source\repos\EmuWOW2\EmuWOW2\run386.c(38,3): warning C4013: 'bus_write_16' undefined; assuming extern returning int
C:\Users\Will\source\repos\EmuWOW2\EmuWOW2\run386.c(46,9): warning C4013: 'bus_read_32' undefined; assuming extern returning int
C:\Users\Will\source\repos\EmuWOW2\EmuWOW2\run386.c(50,9): warning C4013: 'bus_read_16' undefined; assuming extern returning int
C:\Users\Will\source\repos\EmuWOW2\EmuWOW2\run386.c(60,2): warning C4013: 'printf' undefined; assuming extern returning int
C:\Users\Will\source\repos\EmuWOW2\EmuWOW2\run386.c(179,11): warning C4013: 'bus_read_8' undefined; assuming extern returning int
C:\Users\Will\source\repos\EmuWOW2\EmuWOW2\run386.c(223,21): warning C4244: '=': conversion from 'uint64_t' to 'uint16_t', possible loss of data
C:\Users\Will\source\repos\EmuWOW2\EmuWOW2\run386.c(224,15): warning C4244: '=': conversion from 'uint64_t' to 'uint16_t', possible loss of data
C:\Users\Will\source\repos\EmuWOW2\EmuWOW2\run386.c(228,16): warning C4244: '=': conversion from 'uint64_t' to 'uint32_t', possible loss of data
C:\Users\Will\source\repos\EmuWOW2\EmuWOW2\run386.c(237,4): warning C4013: 'bus_write_8' undefined; assuming extern returning int
C:\Users\Will\source\repos\EmuWOW2\EmuWOW2\run386.c(255,69): warning C4244: '=': conversion from 'uint64_t' to 'uint8_t', possible loss of data
C:\Users\Will\source\repos\EmuWOW2\EmuWOW2\run386.c(260,43): warning C4244: '=': conversion from 'uint64_t' to 'uint16_t', possible loss of data
C:\Users\Will\source\repos\EmuWOW2\EmuWOW2\run386.c(263,26): warning C4244: '=': conversion from 'uint64_t' to 'uint32_t', possible loss of data
C:\Users\Will\source\repos\EmuWOW2\EmuWOW2\run386.c(275,38): warning C4244: '=': conversion from 'uint64_t' to 'uint16_t', possible loss of data
C:\Users\Will\source\repos\EmuWOW2\EmuWOW2\run386.c(278,23): warning C4244: '=': conversion from 'uint64_t' to 'uint32_t', possible loss of data
C:\Users\Will\source\repos\EmuWOW2\EmuWOW2\run386.c(288,18): warning C4244: 'initializing': conversion from 'uint64_t' to 'uint8_t', possible loss of data
C:\Users\Will\source\repos\EmuWOW2\EmuWOW2\run386.c(289,19): warning C4244: 'initializing': conversion from 'uint64_t' to 'uint32_t', possible loss of data
C:\Users\Will\source\repos\EmuWOW2\EmuWOW2\run386.c(464,9): warning C4146: unary minus operator applied to unsigned type, result still unsigned
C:\Users\Will\source\repos\EmuWOW2\EmuWOW2\run386.c(503,15): warning C4244: '=': conversion from 'uint64_t' to 'uint8_t', possible loss of data
C:\Users\Will\source\repos\EmuWOW2\EmuWOW2\run386.c(506,15): warning C4244: '=': conversion from 'uint64_t' to 'uint16_t', possible loss of data
C:\Users\Will\source\repos\EmuWOW2\EmuWOW2\run386.c(509,16): warning C4244: '=': conversion from 'uint64_t' to 'uint32_t', possible loss of data
C:\Users\Will\source\repos\EmuWOW2\EmuWOW2\run386.c(572,17): warning C4244: 'initializing': conversion from 'uint64_t' to 'uint32_t', possible loss of data
C:\Users\Will\source\repos\EmuWOW2\EmuWOW2\run386.c(578,16): warning C4244: 'initializing': conversion from 'uint64_t' to 'int16_t', possible loss of data
C:\Users\Will\source\repos\EmuWOW2\EmuWOW2\run386.c(599,17): warning C4244: 'initializing': conversion from 'uint64_t' to 'uint32_t', possible loss of data
C:\Users\Will\source\repos\EmuWOW2\EmuWOW2\run386.c(610,15): warning C4244: '-=': conversion from 'uint64_t' to 'uint32_t', possible loss of data
C:\Users\Will\source\repos\EmuWOW2\EmuWOW2\run386.c(605,17): warning C4101: 'i': unreferenced local variable
C:\Users\Will\source\repos\EmuWOW2\EmuWOW2\run386.c(696,17): warning C4244: '=': conversion from 'uint16_t' to 'uint8_t', possible loss of data
C:\Users\Will\source\repos\EmuWOW2\EmuWOW2\run386.c(717,22): warning C4244: 'initializing': conversion from 'uint64_t' to 'uint16_t', possible loss of data
C:\Users\Will\source\repos\EmuWOW2\EmuWOW2\run386.c(729,14): warning C4244: '=': conversion from 'uint64_t' to 'uint32_t', possible loss of data
C:\Users\Will\source\repos\EmuWOW2\EmuWOW2\run386.c(735,15): warning C4244: '=': conversion from 'uint64_t' to 'uint32_t', possible loss of data
C:\Users\Will\source\repos\EmuWOW2\EmuWOW2\run386.c(741,23): warning C4244: 'initializing': conversion from 'uint64_t' to 'uint32_t', possible loss of data
C:\Users\Will\source\repos\EmuWOW2\EmuWOW2\run386.c(763,19): warning C4244: 'initializing': conversion from 'uint64_t' to 'uint32_t', possible loss of data
C:\Users\Will\source\repos\EmuWOW2\EmuWOW2\run386.c(954,19): warning C4244: 'initializing': conversion from 'uint64_t' to 'uint32_t', possible loss of data
C:\Users\Will\source\repos\EmuWOW2\EmuWOW2\run386.c(969,19): warning C4244: 'initializing': conversion from 'uint64_t' to 'uint32_t', possible loss of data
C:\Users\Will\source\repos\EmuWOW2\EmuWOW2\run386.c(985,20): warning C4244: 'initializing': conversion from 'uint64_t' to 'uint32_t', possible loss of data
C:\Users\Will\source\repos\EmuWOW2\EmuWOW2\run386.c(986,20): warning C4244: 'initializing': conversion from 'uint64_t' to 'uint32_t', possible loss of data
C:\Users\Will\source\repos\EmuWOW2\EmuWOW2\run386.c(996,19): warning C4013: 'io_read_32' undefined; assuming extern returning int
C:\Users\Will\source\repos\EmuWOW2\EmuWOW2\run386.c(995,18): warning C4244: 'initializing': conversion from 'uint64_t' to 'uint16_t', possible loss of data
C:\Users\Will\source\repos\EmuWOW2\EmuWOW2\run386.c(1004,20): warning C4244: 'initializing': conversion from 'uint64_t' to 'uint32_t', possible loss of data
C:\Users\Will\source\repos\EmuWOW2\EmuWOW2\run386.c(1320,22): warning C4244: 'initializing': conversion from 'uint64_t' to 'uint32_t', possible loss of data
  Generating code
  31 of 140 functions (22.1%) were compiled, the rest were copied from previous compilation.
    0 functions were new in current compilation
    26 functions had inline decision re-evaluated but remain unchanged
C:\Users\Will\source\repos\EmuWOW2\EmuWOW2\run386.c(212): warning C4715: 'read_source': not all control paths return a value
  Finished generating code
  EmuWOW2.vcxproj -> C:\Users\Will\source\repos\EmuWOW2\Release\EmuWOW2.exe
