c:\users\will\source\repos\emuwow2\emuwow2\release\vc143.pdb
c:\users\will\source\repos\emuwow2\emuwow2\release\thunk.obj
c:\users\will\source\repos\emuwow2\emuwow2\release\ssdt.obj
c:\users\will\source\repos\emuwow2\emuwow2\release\run386.obj
c:\users\will\source\repos\emuwow2\emuwow2\release\r4000.obj
c:\users\will\source\repos\emuwow2\emuwow2\release\mips_dis.obj
c:\users\will\source\repos\emuwow2\emuwow2\release\ldrapi.obj
c:\users\will\source\repos\emuwow2\emuwow2\release\i386.obj
c:\users\will\source\repos\emuwow2\emuwow2\release\emuwow.obj
c:\users\will\source\repos\emuwow2\emuwow2\release\dis386.obj
c:\users\will\source\repos\emuwow2\release\emuwow2.exe
c:\users\will\source\repos\emuwow2\emuwow2\release\emuwow2.ipdb
c:\users\will\source\repos\emuwow2\emuwow2\release\emuwow2.iobj
c:\users\will\source\repos\emuwow2\release\emuwow2.pdb
c:\users\will\source\repos\emuwow2\emuwow2\release\emuwow2.tlog\cl.command.1.tlog
c:\users\will\source\repos\emuwow2\emuwow2\release\emuwow2.tlog\cl.items.tlog
c:\users\will\source\repos\emuwow2\emuwow2\release\emuwow2.tlog\cl.read.1.tlog
c:\users\will\source\repos\emuwow2\emuwow2\release\emuwow2.tlog\cl.write.1.tlog
c:\users\will\source\repos\emuwow2\emuwow2\release\emuwow2.tlog\link.command.1.tlog
c:\users\will\source\repos\emuwow2\emuwow2\release\emuwow2.tlog\link.read.1.tlog
c:\users\will\source\repos\emuwow2\emuwow2\release\emuwow2.tlog\link.write.1.tlog
